<?xml version="1.0" encoding="UTF-8"?>
<testsuite xmlns:xsi="http://www.w3.org/2001/XMLSchema-instance" xsi:noNamespaceSchemaLocation="https://maven.apache.org/surefire/maven-surefire-plugin/xsd/surefire-test-report.xsd" name="cucumber.Options.TestRunner" time="0.491" tests="2" errors="2" skipped="0" failures="0">
  <properties>
[...]
</properties>
  <testcase name="Verify if Place is being successfully added using AddPlaceAPI" classname="Validating Place API&apos;s #1" time="0.047">
    <error message="Duplicate step definitions in stepDefinition.datadriven.stepDefinition.the_api_call_got_success_with_status_code(java.lang.Integer) and stepDefinition.stepDefinition.the_api_call_got_success_with_status_code(java.lang.Integer)" type="io.cucumber.core.runner.DuplicateStepDefinitionException">io.cucumber.core.runner.DuplicateStepDefinitionException: Duplicate step definitions in stepDefinition.datadriven.stepDefinition.the_api_call_got_success_with_status_code(java.lang.Integer) and stepDefinition.stepDefinition.the_api_call_got_success_with_status_code(java.lang.Integer)
</error>
  </testcase>
  <testcase name="cucumber.Options.TestRunner" classname="cucumber.Options.TestRunner" time="0.063">
    <error message="Duplicate step definitions in stepDefinition.datadriven.stepDefinition.the_api_call_got_success_with_status_code(java.lang.Integer) and stepDefinition.stepDefinition.the_api_call_got_success_with_status_code(java.lang.Integer)" type="io.cucumber.core.runner.DuplicateStepDefinitionException">io.cucumber.core.runner.DuplicateStepDefinitionException: Duplicate step definitions in stepDefinition.datadriven.stepDefinition.the_api_call_got_success_with_status_code(java.lang.Integer) and stepDefinition.stepDefinition.the_api_call_got_success_with_status_code(java.lang.Integer)
</error>
  </testcase>
</testsuite>